<?xml version="1.0" encoding="UTF-8"?>
<beans xmlns="http://www.springframework.org/schema/beans"
	xmlns:xsi="http://www.w3.org/2001/XMLSchema-instance" xmlns:p="http://www.springframework.org/schema/p"
	xmlns:context="http://www.springframework.org/schema/context"
	xmlns:jms="http://www.springframework.org/schema/jms"
	xmlns:jee="http://www.springframework.org/schema/jee"
	xmlns:aop="http://www.springframework.org/schema/aop"
	xmlns:cache="http://www.springframework.org/schema/cache"
	xsi:schemaLocation="http://www.springframework.org/schema/beans http://www.springframework.org/schema/beans/spring-beans.xsd
	http://www.springframework.org/schema/context http://www.springframework.org/schema/context/spring-context-3.0.xsd
	http://www.springframework.org/schema/jms http://www.springframework.org/schema/jms/spring-jms.xsd
	http://www.springframework.org/schema/jee http://www.springframework.org/schema/jee/spring-jee.xsd
	http://www.springframework.org/schema/aop http://www.springframework.org/schema/aop/spring-aop.xsd
    http://www.springframework.org/schema/cache http://www.springframework.org/schema/cache/spring-cache.xsd" 
	default-init-method="init">

	<!-- Enable autowiring -->
	<context:component-scan base-package="com.mgm.dmp" />
	<aop:aspectj-autoproxy />
	<import resource="classpath:snp-rest-config-context.xml"/>
	<import resource="classpath:phoenix-rest-config-context.xml"/>

	<bean
		class="com.mgm.dmp.common.util.ApplicationPropertyUtil">
		<property name="locations">
			<list>
				<!-- Here goes resource bundles -->
				<value>classpath:mgmweb.properties</value>
				<value>classpath:mgmtestdata.properties</value>
        	</list>
		</property>
		<property name="ignoreUnresolvablePlaceholders" value="true"/>
	</bean>
	
	
	
	<bean id="executorService" class="java.util.concurrent.ScheduledThreadPoolExecutor" >
		<constructor-arg value="${cache.loader.core.thread.pool.size}"/>
	</bean>
	
	<bean id="tbmExecutor" class="org.springframework.scheduling.concurrent.ThreadPoolTaskExecutor" >
		<property name="corePoolSize" value="${tbm.executor.core.thread.pool.size}"/>
		<property name="maxPoolSize" value="${tbm.executor.max.thread.pool.size}"/>
	</bean>
	
	<cache:annotation-driven />
    <bean id="cacheManager" class="org.springframework.cache.ehcache.EhCacheCacheManager" p:cacheManager-ref="ehcache"/>
	<bean id="ehcache" class="org.springframework.cache.ehcache.EhCacheManagerFactoryBean" p:configLocation="classpath:ehcache-config.xml"/>
	
	<bean id="snpRestTemplate" class="org.springframework.web.client.RestTemplate"/>
	<bean id="phoenixRestTemplate" class="org.springframework.web.client.RestTemplate"/>
</beans>
